<?xml version="1.0" encoding="UTF-8"?>
<!-- Generated by org.testng.reporters.JUnitReportReporter -->
<testsuite skipped="0" hostname="noi-gauravs-w81" name="com.monotype.automation.SAMSDashboards.testcases.LoginPageTestCases" tests="1" failures="0" timestamp="20 Apr 2017 05:35:07 GMT" time="9.004" errors="0">
  <testcase name="loginWithValidDetails" time="9.004" classname="com.monotype.automation.SAMSDashboards.testcases.LoginPageTestCases"/>
</testsuite> <!-- com.monotype.automation.SAMSDashboards.testcases.LoginPageTestCases -->
