<?xml version="1.0" encoding="UTF-8"?>
<!-- Generated by org.testng.reporters.JUnitReportReporter -->
<testsuite skipped="0" hostname="noi-gauravs-w81" name="com.monotype.SAMSDashboards.testcases.LoginPageTestCases" tests="1" failures="0" timestamp="21 Apr 2017 06:36:18 GMT" time="11.079" errors="0">
  <testcase name="loginWithValidDetails" time="11.079" classname="com.monotype.SAMSDashboards.testcases.LoginPageTestCases"/>
</testsuite> <!-- com.monotype.SAMSDashboards.testcases.LoginPageTestCases -->
