<?xml version="1.0" encoding="UTF-8"?>
<!-- Generated by org.testng.reporters.JUnitReportReporter -->
<testsuite skipped="0" hostname="noi-gauravs-w81" name="com.monotype.automation.SAMSDashboards.testcases.LoginPageTestCases" tests="1" failures="0" timestamp="18 Apr 2017 09:45:23 GMT" time="3.811" errors="0">
  <testcase name="atTest" time="3.811" classname="com.monotype.automation.SAMSDashboards.testcases.LoginPageTestCases"/>
</testsuite> <!-- com.monotype.automation.SAMSDashboards.testcases.LoginPageTestCases -->
